Server listening on 10.0.0.1:6555
Sender Window Size: 5900 bytes
Waiting for client request...
Received request from ('10.0.0.2', 43834)
Starting file transfer: 6463538 bytes
Total packets to send: 5478
Fast retransmit: seq 38940
Timeout retransmit: seq 40120, RTO: 0.100s
Timeout retransmit: seq 41300, RTO: 0.100s
Timeout retransmit: seq 42480, RTO: 0.100s
Timeout retransmit: seq 43660, RTO: 0.100s
Fast retransmit: seq 41300
Fast retransmit: seq 47200
Fast retransmit: seq 59000
Fast retransmit: seq 84960
Timeout retransmit: seq 86140, RTO: 0.100s
Timeout retransmit: seq 87320, RTO: 0.100s
Timeout retransmit: seq 88500, RTO: 0.100s
Timeout retransmit: seq 89680, RTO: 0.100s
Fast retransmit: seq 96760
Timeout retransmit: seq 97940, RTO: 0.100s
Timeout retransmit: seq 99120, RTO: 0.100s
Fast retransmit: seq 120360
Fast retransmit: seq 140420
Timeout retransmit: seq 141600, RTO: 0.100s
Timeout retransmit: seq 142780, RTO: 0.100s
Fast retransmit: seq 159300
Fast retransmit: seq 169920
Timeout retransmit: seq 171100, RTO: 0.100s
Timeout retransmit: seq 172280, RTO: 0.100s
Timeout retransmit: seq 173460, RTO: 0.100s
Timeout retransmit: seq 174640, RTO: 0.100s
Timeout retransmit: seq 169920, RTO: 0.100s
Fast retransmit: seq 178180
Timeout retransmit: seq 179360, RTO: 0.100s
Timeout retransmit: seq 180540, RTO: 0.100s
Fast retransmit: seq 194700
Timeout retransmit: seq 198240, RTO: 0.100s
Timeout retransmit: seq 199420, RTO: 0.100s
Fast retransmit: seq 198240
Fast retransmit: seq 219480
Timeout retransmit: seq 220660, RTO: 0.100s
Timeout retransmit: seq 221840, RTO: 0.100s
Timeout retransmit: seq 223020, RTO: 0.100s
Timeout retransmit: seq 224200, RTO: 0.100s
Fast retransmit: seq 226560
Fast retransmit: seq 232460
Fast retransmit: seq 252520
Timeout retransmit: seq 253700, RTO: 0.100s
Timeout retransmit: seq 254880, RTO: 0.100s
Fast retransmit: seq 260780
Timeout retransmit: seq 261960, RTO: 0.100s
Timeout retransmit: seq 263140, RTO: 0.100s
Fast retransmit: seq 320960
Fast retransmit: seq 335120
Timeout retransmit: seq 336300, RTO: 0.100s
Timeout retransmit: seq 337480, RTO: 0.100s
Timeout retransmit: seq 338660, RTO: 0.100s
Timeout retransmit: seq 339840, RTO: 0.100s
Fast retransmit: seq 338660
Fast retransmit: seq 346920
Timeout retransmit: seq 348100, RTO: 0.100s
Timeout retransmit: seq 349280, RTO: 0.100s
Fast retransmit: seq 352820
Timeout retransmit: seq 374060, RTO: 0.100s
Timeout retransmit: seq 375240, RTO: 0.100s
Timeout retransmit: seq 376420, RTO: 0.100s
Fast retransmit: seq 388220
Timeout retransmit: seq 389400, RTO: 0.100s
Timeout retransmit: seq 390580, RTO: 0.100s
Fast retransmit: seq 397660
Timeout retransmit: seq 398840, RTO: 0.100s
Timeout retransmit: seq 436600, RTO: 0.100s
Timeout retransmit: seq 437780, RTO: 0.100s
Timeout retransmit: seq 438960, RTO: 0.100s
Timeout retransmit: seq 441320, RTO: 0.100s
Fast retransmit: seq 464920
Fast retransmit: seq 480260
Timeout retransmit: seq 481440, RTO: 0.100s
Fast retransmit: seq 509760
Fast retransmit: seq 538080
Timeout retransmit: seq 542800, RTO: 0.100s
Fast retransmit: seq 542800
Fast retransmit: seq 561680
Fast retransmit: seq 597080
Fast retransmit: seq 610060
Fast retransmit: seq 624220
Timeout retransmit: seq 625400, RTO: 0.100s
Timeout retransmit: seq 626580, RTO: 0.100s
Fast retransmit: seq 637200
Fast retransmit: seq 660800
Timeout retransmit: seq 663160, RTO: 0.100s
Timeout retransmit: seq 664340, RTO: 0.100s
Timeout retransmit: seq 665520, RTO: 0.100s
Fast retransmit: seq 692660
Timeout retransmit: seq 716260, RTO: 0.100s
Timeout retransmit: seq 717440, RTO: 0.100s
Timeout retransmit: seq 718620, RTO: 0.100s
Timeout retransmit: seq 719800, RTO: 0.100s
Fast retransmit: seq 722160
Fast retransmit: seq 728060
Fast retransmit: seq 761100
Timeout retransmit: seq 762280, RTO: 0.100s
Fast retransmit: seq 778800
Fast retransmit: seq 795320
Fast retransmit: seq 817740
Fast retransmit: seq 889720
Timeout retransmit: seq 890900, RTO: 0.100s
Timeout retransmit: seq 892080, RTO: 0.100s
Timeout retransmit: seq 902700, RTO: 0.100s
Timeout retransmit: seq 903880, RTO: 0.100s
Timeout retransmit: seq 905060, RTO: 0.100s
Timeout retransmit: seq 906240, RTO: 0.100s
Timeout retransmit: seq 907420, RTO: 0.100s
Fast retransmit: seq 908600
Fast retransmit: seq 915680
Fast retransmit: seq 934560
Fast retransmit: seq 985300
Timeout retransmit: seq 986480, RTO: 0.100s
Fast retransmit: seq 1003000
Fast retransmit: seq 1026600
Timeout retransmit: seq 1030140, RTO: 0.100s
Timeout retransmit: seq 1031320, RTO: 0.100s
Fast retransmit: seq 1030140
Fast retransmit: seq 1057280
Timeout retransmit: seq 1058460, RTO: 0.100s
Timeout retransmit: seq 1059640, RTO: 0.100s
Timeout retransmit: seq 1060820, RTO: 0.100s
Timeout retransmit: seq 1062000, RTO: 0.100s
Fast retransmit: seq 1103300
Timeout retransmit: seq 1104480, RTO: 0.100s
Timeout retransmit: seq 1105660, RTO: 0.100s
Fast retransmit: seq 1112740
Timeout retransmit: seq 1113920, RTO: 0.100s
Fast retransmit: seq 1132800
Timeout retransmit: seq 1133980, RTO: 0.100s
Timeout retransmit: seq 1135160, RTO: 0.100s
Timeout retransmit: seq 1136340, RTO: 0.100s
Timeout retransmit: seq 1137520, RTO: 0.100s
Timeout retransmit: seq 1132800, RTO: 0.100s
Timeout retransmit: seq 1133980, RTO: 0.100s
Timeout retransmit: seq 1135160, RTO: 0.100s
Fast retransmit: seq 1148140
Timeout retransmit: seq 1149320, RTO: 0.100s
Fast retransmit: seq 1157580
Timeout retransmit: seq 1158760, RTO: 0.100s
Timeout retransmit: seq 1162300, RTO: 0.100s
Fast retransmit: seq 1162300
Fast retransmit: seq 1200060
Timeout retransmit: seq 1201240, RTO: 0.100s
Timeout retransmit: seq 1202420, RTO: 0.100s
Fast retransmit: seq 1210680
Fast retransmit: seq 1230740
Timeout retransmit: seq 1231920, RTO: 0.100s
Fast retransmit: seq 1237820
Fast retransmit: seq 1248440
Fast retransmit: seq 1255520
Fast retransmit: seq 1296820
Fast retransmit: seq 1318060
Timeout retransmit: seq 1319240, RTO: 0.100s
Fast retransmit: seq 1323960
Fast retransmit: seq 1349920
Timeout retransmit: seq 1351100, RTO: 0.100s
Timeout retransmit: seq 1352280, RTO: 0.100s
Fast retransmit: seq 1390040
Fast retransmit: seq 1430160
Fast retransmit: seq 1445500
Timeout retransmit: seq 1446680, RTO: 0.100s
Fast retransmit: seq 1484440
Timeout retransmit: seq 1485620, RTO: 0.100s
Fast retransmit: seq 1506860
Fast retransmit: seq 1529280
Timeout retransmit: seq 1530460, RTO: 0.100s
Timeout retransmit: seq 1531640, RTO: 0.100s
Timeout retransmit: seq 1532820, RTO: 0.100s
Timeout retransmit: seq 1534000, RTO: 0.100s
Fast retransmit: seq 1535180
Fast retransmit: seq 1537540
Timeout retransmit: seq 1538720, RTO: 0.100s
Timeout retransmit: seq 1539900, RTO: 0.100s
Fast retransmit: seq 1544620
Timeout retransmit: seq 1545800, RTO: 0.100s
Timeout retransmit: seq 1546980, RTO: 0.100s
Timeout retransmit: seq 1548160, RTO: 0.100s
Fast retransmit: seq 1550520
Fast retransmit: seq 1552880
Timeout retransmit: seq 1554060, RTO: 0.100s
Fast retransmit: seq 1568220
Timeout retransmit: seq 1569400, RTO: 0.100s
Fast retransmit: seq 1575300
Fast retransmit: seq 1649640
Fast retransmit: seq 1696840
Fast retransmit: seq 1722800
Timeout retransmit: seq 1723980, RTO: 0.100s
Timeout retransmit: seq 1725160, RTO: 0.100s
Timeout retransmit: seq 1726340, RTO: 0.100s
Timeout retransmit: seq 1727520, RTO: 0.100s
Timeout retransmit: seq 1722800, RTO: 0.100s
Timeout retransmit: seq 1723980, RTO: 0.100s
Timeout retransmit: seq 1725160, RTO: 0.100s
Fast retransmit: seq 1733420
Fast retransmit: seq 1739320
Timeout retransmit: seq 1751120, RTO: 0.100s
Timeout retransmit: seq 1752300, RTO: 0.100s
Timeout retransmit: seq 1753480, RTO: 0.100s
Timeout retransmit: seq 1754660, RTO: 0.100s
Timeout retransmit: seq 1755840, RTO: 0.100s
Fast retransmit: seq 1790060
Timeout retransmit: seq 1791240, RTO: 0.100s
Fast retransmit: seq 1843160
Fast retransmit: seq 1899800
Fast retransmit: seq 1923400
Fast retransmit: seq 1988300
Fast retransmit: seq 2037860
Timeout retransmit: seq 2039040, RTO: 0.100s
Timeout retransmit: seq 2040220, RTO: 0.100s
Timeout retransmit: seq 2041400, RTO: 0.100s
Timeout retransmit: seq 2042580, RTO: 0.100s
Fast retransmit: seq 2087420
Timeout retransmit: seq 2088600, RTO: 0.100s
Timeout retransmit: seq 2089780, RTO: 0.100s
Timeout retransmit: seq 2090960, RTO: 0.100s
Timeout retransmit: seq 2092140, RTO: 0.100s
Timeout retransmit: seq 2087420, RTO: 0.100s
Timeout retransmit: seq 2088600, RTO: 0.100s
Fast retransmit: seq 2094500
Timeout retransmit: seq 2095680, RTO: 0.100s
Timeout retransmit: seq 2096860, RTO: 0.100s
Timeout retransmit: seq 2098040, RTO: 0.100s
Timeout retransmit: seq 2099220, RTO: 0.100s
Fast retransmit: seq 2100400
Fast retransmit: seq 2131080
Fast retransmit: seq 2136980
Fast retransmit: seq 2213680
Timeout retransmit: seq 2214860, RTO: 0.100s
Timeout retransmit: seq 2216040, RTO: 0.100s
Fast retransmit: seq 2240820
Timeout retransmit: seq 2242000, RTO: 0.100s
Fast retransmit: seq 2301000
Fast retransmit: seq 2315160
Timeout retransmit: seq 2316340, RTO: 0.100s
Timeout retransmit: seq 2317520, RTO: 0.100s
Fast retransmit: seq 2336400
Timeout retransmit: seq 2337580, RTO: 0.100s
Timeout retransmit: seq 2338760, RTO: 0.100s
Timeout retransmit: seq 2339940, RTO: 0.100s
Fast retransmit: seq 2382420
Timeout retransmit: seq 2385960, RTO: 0.100s
Timeout retransmit: seq 2387140, RTO: 0.100s
Fast retransmit: seq 2385960
Fast retransmit: seq 2416640
Timeout retransmit: seq 2417820, RTO: 0.100s
Timeout retransmit: seq 2419000, RTO: 0.100s
Timeout retransmit: seq 2420180, RTO: 0.100s
Fast retransmit: seq 2422540
Fast retransmit: seq 2436700
Timeout retransmit: seq 2437880, RTO: 0.100s
Timeout retransmit: seq 2439060, RTO: 0.100s
Fast retransmit: seq 2456760
Timeout retransmit: seq 2457940, RTO: 0.100s
Timeout retransmit: seq 2459120, RTO: 0.100s
Fast retransmit: seq 2492160
Fast retransmit: seq 2496880
Fast retransmit: seq 2514580
Timeout retransmit: seq 2519300, RTO: 0.100s
Fast retransmit: seq 2519300
Timeout retransmit: seq 2588920, RTO: 0.100s
Timeout retransmit: seq 2590100, RTO: 0.100s
Timeout retransmit: seq 2591280, RTO: 0.100s
Timeout retransmit: seq 2592460, RTO: 0.100s
Timeout retransmit: seq 2593640, RTO: 0.100s
Fast retransmit: seq 2617240
Timeout retransmit: seq 2620780, RTO: 0.100s
Timeout retransmit: seq 2621960, RTO: 0.100s
Fast retransmit: seq 2620780
Fast retransmit: seq 2651460
Timeout retransmit: seq 2652640, RTO: 0.100s
Timeout retransmit: seq 2653820, RTO: 0.100s
Timeout retransmit: seq 2655000, RTO: 0.100s
Fast retransmit: seq 2665620
Timeout retransmit: seq 2666800, RTO: 0.100s
Timeout retransmit: seq 2667980, RTO: 0.100s
Fast retransmit: seq 2701020
Timeout retransmit: seq 2702200, RTO: 0.100s
Timeout retransmit: seq 2703380, RTO: 0.100s
Timeout retransmit: seq 2704560, RTO: 0.100s
Timeout retransmit: seq 2705740, RTO: 0.100s
Timeout retransmit: seq 2701020, RTO: 0.100s
Fast retransmit: seq 2712820
Timeout retransmit: seq 2714000, RTO: 0.100s
Timeout retransmit: seq 2715180, RTO: 0.100s
Timeout retransmit: seq 2716360, RTO: 0.100s
Timeout retransmit: seq 2717540, RTO: 0.100s
Timeout retransmit: seq 2712820, RTO: 0.100s
Fast retransmit: seq 2771820
Timeout retransmit: seq 2773000, RTO: 0.100s
Timeout retransmit: seq 2774180, RTO: 0.100s
Timeout retransmit: seq 2775360, RTO: 0.100s
Fast retransmit: seq 2804860
Timeout retransmit: seq 2806040, RTO: 0.100s
Fast retransmit: seq 2855600
Timeout retransmit: seq 2856780, RTO: 0.100s
Fast retransmit: seq 2867400
Fast retransmit: seq 2896900
Timeout retransmit: seq 2901620, RTO: 0.100s
Timeout retransmit: seq 2903980, RTO: 0.100s
Timeout retransmit: seq 2905160, RTO: 0.100s
Timeout retransmit: seq 2906340, RTO: 0.100s
Fast retransmit: seq 2914600
Timeout retransmit: seq 2915780, RTO: 0.100s
Timeout retransmit: seq 2916960, RTO: 0.100s
Timeout retransmit: seq 2918140, RTO: 0.100s
Timeout retransmit: seq 2919320, RTO: 0.100s
Timeout retransmit: seq 2914600, RTO: 0.100s
Timeout retransmit: seq 2926400, RTO: 0.100s
Timeout retransmit: seq 2927580, RTO: 0.100s
Timeout retransmit: seq 2928760, RTO: 0.100s
Timeout retransmit: seq 2929940, RTO: 0.100s
Timeout retransmit: seq 2931120, RTO: 0.100s
Fast retransmit: seq 2932300
Fast retransmit: seq 2945280
Timeout retransmit: seq 2952360, RTO: 0.100s
Timeout retransmit: seq 2953540, RTO: 0.100s
Timeout retransmit: seq 2954720, RTO: 0.100s
Timeout retransmit: seq 2955900, RTO: 0.100s
Timeout retransmit: seq 2957080, RTO: 0.100s
Fast retransmit: seq 2952360
Fast retransmit: seq 2981860
Fast retransmit: seq 3050300
Fast retransmit: seq 3073900
Fast retransmit: seq 3168300
Timeout retransmit: seq 3169480, RTO: 0.100s
Timeout retransmit: seq 3170660, RTO: 0.100s
Timeout retransmit: seq 3171840, RTO: 0.100s
Timeout retransmit: seq 3173020, RTO: 0.100s
Timeout retransmit: seq 3168300, RTO: 0.100s
Timeout retransmit: seq 3169480, RTO: 0.100s
Timeout retransmit: seq 3170660, RTO: 0.100s
Timeout retransmit: seq 3171840, RTO: 0.100s
Timeout retransmit: seq 3173020, RTO: 0.100s
Timeout retransmit: seq 3168300, RTO: 0.100s
Timeout retransmit: seq 3169480, RTO: 0.100s
Timeout retransmit: seq 3170660, RTO: 0.100s
Timeout retransmit: seq 3171840, RTO: 0.100s
Timeout retransmit: seq 3173020, RTO: 0.100s
Timeout retransmit: seq 3168300, RTO: 0.100s
Fast retransmit: seq 3215500
Fast retransmit: seq 3222580
Timeout retransmit: seq 3223760, RTO: 0.100s
Timeout retransmit: seq 3224940, RTO: 0.100s
Timeout retransmit: seq 3226120, RTO: 0.100s
Timeout retransmit: seq 3227300, RTO: 0.100s
Fast retransmit: seq 3228480
Fast retransmit: seq 3293380
Timeout retransmit: seq 3294560, RTO: 0.100s
Timeout retransmit: seq 3295740, RTO: 0.100s
Timeout retransmit: seq 3296920, RTO: 0.100s
Timeout retransmit: seq 3298100, RTO: 0.100s
Fast retransmit: seq 3300460
Fast retransmit: seq 3357100
Fast retransmit: seq 3385420
Fast retransmit: seq 3405480
Timeout retransmit: seq 3406660, RTO: 0.100s
Timeout retransmit: seq 3407840, RTO: 0.100s
Fast retransmit: seq 3419640
Timeout retransmit: seq 3420820, RTO: 0.100s
Timeout retransmit: seq 3422000, RTO: 0.100s
Fast retransmit: seq 3439700
Timeout retransmit: seq 3440880, RTO: 0.100s
Timeout retransmit: seq 3442060, RTO: 0.100s
Fast retransmit: seq 3469200
Timeout retransmit: seq 3470380, RTO: 0.100s
Timeout retransmit: seq 3471560, RTO: 0.100s
Timeout retransmit: seq 3472740, RTO: 0.100s
Timeout retransmit: seq 3473920, RTO: 0.100s
Fast retransmit: seq 3475100
Fast retransmit: seq 3504600
Timeout retransmit: seq 3505780, RTO: 0.100s
Timeout retransmit: seq 3506960, RTO: 0.100s
Timeout retransmit: seq 3508140, RTO: 0.100s
Timeout retransmit: seq 3509320, RTO: 0.100s
Timeout retransmit: seq 3504600, RTO: 0.100s
Fast retransmit: seq 3525840
Timeout retransmit: seq 3527020, RTO: 0.100s
Fast retransmit: seq 3532920
Timeout retransmit: seq 3534100, RTO: 0.100s
Timeout retransmit: seq 3535280, RTO: 0.100s
Timeout retransmit: seq 3536460, RTO: 0.100s
Timeout retransmit: seq 3537640, RTO: 0.100s
Fast retransmit: seq 3560060
Fast retransmit: seq 3620240
Timeout retransmit: seq 3621420, RTO: 0.100s
Timeout retransmit: seq 3622600, RTO: 0.100s
Timeout retransmit: seq 3623780, RTO: 0.100s
Fast retransmit: seq 3678060
Fast retransmit: seq 3709920
Timeout retransmit: seq 3711100, RTO: 0.100s
Timeout retransmit: seq 3712280, RTO: 0.100s
Fast retransmit: seq 3715820
Timeout retransmit: seq 3717000, RTO: 0.100s
Timeout retransmit: seq 3718180, RTO: 0.100s
Timeout retransmit: seq 3719360, RTO: 0.100s
Timeout retransmit: seq 3720540, RTO: 0.100s
Timeout retransmit: seq 3715820, RTO: 0.100s
Fast retransmit: seq 3754760
Timeout retransmit: seq 3755940, RTO: 0.100s
Fast retransmit: seq 3774820
Timeout retransmit: seq 3776000, RTO: 0.100s
Timeout retransmit: seq 3777180, RTO: 0.100s
Timeout retransmit: seq 3779540, RTO: 0.100s
Fast retransmit: seq 3779540
Fast retransmit: seq 3781900
Timeout retransmit: seq 3783080, RTO: 0.100s
Timeout retransmit: seq 3784260, RTO: 0.100s
Fast retransmit: seq 3827920
Timeout retransmit: seq 3840900, RTO: 0.100s
Timeout retransmit: seq 3842080, RTO: 0.100s
Timeout retransmit: seq 3843260, RTO: 0.100s
Timeout retransmit: seq 3844440, RTO: 0.100s
Timeout retransmit: seq 3845620, RTO: 0.100s
Fast retransmit: seq 3901080
Fast retransmit: seq 3916420
Timeout retransmit: seq 3917600, RTO: 0.100s
Fast retransmit: seq 3957720
Fast retransmit: seq 3969520
Fast retransmit: seq 3980140
Fast retransmit: seq 3988400
Timeout retransmit: seq 3989580, RTO: 0.100s
Timeout retransmit: seq 3990760, RTO: 0.100s
Fast retransmit: seq 3999020
Fast retransmit: seq 4050940
Timeout retransmit: seq 4052120, RTO: 0.100s
Timeout retransmit: seq 4053300, RTO: 0.100s
Timeout retransmit: seq 4058020, RTO: 0.100s
Timeout retransmit: seq 4059200, RTO: 0.100s
Timeout retransmit: seq 4060380, RTO: 0.100s
Timeout retransmit: seq 4061560, RTO: 0.100s
Timeout retransmit: seq 4062740, RTO: 0.100s
Fast retransmit: seq 4065100
Fast retransmit: seq 4069820
Fast retransmit: seq 4076900
Fast retransmit: seq 4098140
Fast retransmit: seq 4165400
Timeout retransmit: seq 4166580, RTO: 0.100s
Fast retransmit: seq 4189000
Fast retransmit: seq 4216140
Timeout retransmit: seq 4217320, RTO: 0.100s
Fast retransmit: seq 4224400
Timeout retransmit: seq 4225580, RTO: 0.100s
Timeout retransmit: seq 4226760, RTO: 0.100s
Timeout retransmit: seq 4227940, RTO: 0.100s
Fast retransmit: seq 4246820
Fast retransmit: seq 4311720
Fast retransmit: seq 4362460
Timeout retransmit: seq 4363640, RTO: 0.100s
Fast retransmit: seq 4373080
Fast retransmit: seq 4393140
Timeout retransmit: seq 4394320, RTO: 0.100s
Timeout retransmit: seq 4395500, RTO: 0.100s
Fast retransmit: seq 4467480
Timeout retransmit: seq 4468660, RTO: 0.100s
Fast retransmit: seq 4473380
Fast retransmit: seq 4479280
Fast retransmit: seq 4505240
Timeout retransmit: seq 4506420, RTO: 0.100s
Timeout retransmit: seq 4507600, RTO: 0.100s
Fast retransmit: seq 4514680
Timeout retransmit: seq 4515860, RTO: 0.100s
Fast retransmit: seq 4525300
Timeout retransmit: seq 4526480, RTO: 0.100s
Timeout retransmit: seq 4527660, RTO: 0.100s
Timeout retransmit: seq 4528840, RTO: 0.100s
Timeout retransmit: seq 4530020, RTO: 0.100s
Timeout retransmit: seq 4525300, RTO: 0.100s
Fast retransmit: seq 4534740
Timeout retransmit: seq 4535920, RTO: 0.100s
Fast retransmit: seq 4550080
Timeout retransmit: seq 4551260, RTO: 0.100s
Fast retransmit: seq 4580760
Fast retransmit: seq 4592560
Timeout retransmit: seq 4612620, RTO: 0.100s
Timeout retransmit: seq 4613800, RTO: 0.100s
Timeout retransmit: seq 4614980, RTO: 0.100s
Timeout retransmit: seq 4616160, RTO: 0.100s
Fast retransmit: seq 4618520
Fast retransmit: seq 4678700
Fast retransmit: seq 4710560
Timeout retransmit: seq 4711740, RTO: 0.100s
Timeout retransmit: seq 4712920, RTO: 0.100s
Timeout retransmit: seq 4714100, RTO: 0.100s
Timeout retransmit: seq 4715280, RTO: 0.100s
Fast retransmit: seq 4725900
Timeout retransmit: seq 4727080, RTO: 0.100s
Fast retransmit: seq 4744780
Timeout retransmit: seq 4745960, RTO: 0.100s
Timeout retransmit: seq 4747140, RTO: 0.100s
Timeout retransmit: seq 4748320, RTO: 0.100s
Fast retransmit: seq 4750680
Fast retransmit: seq 4806140
Timeout retransmit: seq 4807320, RTO: 0.100s
Timeout retransmit: seq 4808500, RTO: 0.100s
Timeout retransmit: seq 4809680, RTO: 0.100s
Timeout retransmit: seq 4810860, RTO: 0.100s
Fast retransmit: seq 4808500
Fast retransmit: seq 4814400
Fast retransmit: seq 4823840
Timeout retransmit: seq 4825020, RTO: 0.100s
Timeout retransmit: seq 4832100, RTO: 0.100s
Timeout retransmit: seq 4833280, RTO: 0.100s
Timeout retransmit: seq 4834460, RTO: 0.100s
Fast retransmit: seq 4888740
Timeout retransmit: seq 4889920, RTO: 0.100s
Fast retransmit: seq 4894640
Fast retransmit: seq 4907620
Timeout retransmit: seq 4908800, RTO: 0.100s
Timeout retransmit: seq 4909980, RTO: 0.100s
Timeout retransmit: seq 4911160, RTO: 0.100s
Fast retransmit: seq 4930040
Timeout retransmit: seq 4934760, RTO: 0.100s
Fast retransmit: seq 4934760
Fast retransmit: seq 4987860
Timeout retransmit: seq 4989040, RTO: 0.100s
Timeout retransmit: seq 4990220, RTO: 0.100s
Timeout retransmit: seq 4991400, RTO: 0.100s
Timeout retransmit: seq 4992580, RTO: 0.100s
Fast retransmit: seq 4994940
Fast retransmit: seq 4999660
Timeout retransmit: seq 5002020, RTO: 0.100s
Timeout retransmit: seq 5003200, RTO: 0.100s
Timeout retransmit: seq 5004380, RTO: 0.100s
Fast retransmit: seq 5020900
Fast retransmit: seq 5029160
Timeout retransmit: seq 5030340, RTO: 0.100s
Timeout retransmit: seq 5031520, RTO: 0.100s
Fast retransmit: seq 5104680
Timeout retransmit: seq 5105860, RTO: 0.100s
Timeout retransmit: seq 5107040, RTO: 0.100s
Timeout retransmit: seq 5108220, RTO: 0.100s
Timeout retransmit: seq 5109400, RTO: 0.100s
Fast retransmit: seq 5111760
Timeout retransmit: seq 5125920, RTO: 0.100s
Timeout retransmit: seq 5127100, RTO: 0.100s
Timeout retransmit: seq 5128280, RTO: 0.100s
Timeout retransmit: seq 5129460, RTO: 0.100s
Fast retransmit: seq 5134180
Timeout retransmit: seq 5135360, RTO: 0.100s
Timeout retransmit: seq 5136540, RTO: 0.100s
Fast retransmit: seq 5142440
Timeout retransmit: seq 5143620, RTO: 0.100s
Timeout retransmit: seq 5144800, RTO: 0.100s
Timeout retransmit: seq 5212060, RTO: 0.100s
Timeout retransmit: seq 5213240, RTO: 0.100s
Timeout retransmit: seq 5214420, RTO: 0.100s
Fast retransmit: seq 5251000
Timeout retransmit: seq 5252180, RTO: 0.100s
Fast retransmit: seq 5259260
Timeout retransmit: seq 5260440, RTO: 0.100s
Timeout retransmit: seq 5261620, RTO: 0.100s
Fast retransmit: seq 5281680
Fast retransmit: seq 5351300
Fast retransmit: seq 5381980
Timeout retransmit: seq 5383160, RTO: 0.100s
Timeout retransmit: seq 5384340, RTO: 0.100s
Timeout retransmit: seq 5385520, RTO: 0.100s
Fast retransmit: seq 5387880
Fast retransmit: seq 5470480
Fast retransmit: seq 5477560
Fast retransmit: seq 5496440
Fast retransmit: seq 5516500
Timeout retransmit: seq 5517680, RTO: 0.100s
Fast retransmit: seq 5554260
Timeout retransmit: seq 5555440, RTO: 0.100s
Timeout retransmit: seq 5556620, RTO: 0.100s
Fast retransmit: seq 5593200
Timeout retransmit: seq 5594380, RTO: 0.100s
Timeout retransmit: seq 5595560, RTO: 0.100s
Timeout retransmit: seq 5596740, RTO: 0.100s
Timeout retransmit: seq 5597920, RTO: 0.100s
Timeout retransmit: seq 5593200, RTO: 0.100s
Fast retransmit: seq 5609720
Fast retransmit: seq 5635680
Timeout retransmit: seq 5636860, RTO: 0.100s
Timeout retransmit: seq 5638040, RTO: 0.100s
Fast retransmit: seq 5647480
Fast retransmit: seq 5669900
Fast retransmit: seq 5698220
Fast retransmit: seq 5721820
Fast retransmit: seq 5740700
Fast retransmit: seq 5776100
Timeout retransmit: seq 5792620, RTO: 0.100s
Timeout retransmit: seq 5793800, RTO: 0.100s
Timeout retransmit: seq 5794980, RTO: 0.100s
Timeout retransmit: seq 5796160, RTO: 0.100s
Timeout retransmit: seq 5797340, RTO: 0.100s
Fast retransmit: seq 5804420
Timeout retransmit: seq 5805600, RTO: 0.100s
Timeout retransmit: seq 5806780, RTO: 0.100s
Fast retransmit: seq 5812680
Timeout retransmit: seq 5813860, RTO: 0.100s
Timeout retransmit: seq 5815040, RTO: 0.100s
Fast retransmit: seq 5836280
Timeout retransmit: seq 5837460, RTO: 0.100s
Timeout retransmit: seq 5838640, RTO: 0.100s
Timeout retransmit: seq 5839820, RTO: 0.100s
Timeout retransmit: seq 5841000, RTO: 0.100s
Timeout retransmit: seq 5836280, RTO: 0.100s
Fast retransmit: seq 5904720
Fast retransmit: seq 5911800
Timeout retransmit: seq 5912980, RTO: 0.100s
Timeout retransmit: seq 5914160, RTO: 0.100s
Timeout retransmit: seq 5915340, RTO: 0.100s
Fast retransmit: seq 5917700
Fast retransmit: seq 5944840
Timeout retransmit: seq 5946020, RTO: 0.100s
Fast retransmit: seq 5954280
Timeout retransmit: seq 5955460, RTO: 0.100s
Fast retransmit: seq 6021540
Timeout retransmit: seq 6022720, RTO: 0.100s
Timeout retransmit: seq 6023900, RTO: 0.100s
Fast retransmit: seq 6084080
Timeout retransmit: seq 6085260, RTO: 0.100s
Fast retransmit: seq 6095880
Timeout retransmit: seq 6097060, RTO: 0.100s
Timeout retransmit: seq 6098240, RTO: 0.100s
Timeout retransmit: seq 6099420, RTO: 0.100s
Fast retransmit: seq 6101780
Fast retransmit: seq 6104140
Timeout retransmit: seq 6105320, RTO: 0.100s
Timeout retransmit: seq 6106500, RTO: 0.100s
Timeout retransmit: seq 6107680, RTO: 0.100s
Timeout retransmit: seq 6108860, RTO: 0.100s
Fast retransmit: seq 6105320
Timeout retransmit: seq 6106500, RTO: 0.100s
Timeout retransmit: seq 6110040, RTO: 0.100s
Fast retransmit: seq 6115940
Fast retransmit: seq 6123020
Timeout retransmit: seq 6124200, RTO: 0.100s
